2025-07-11 18:05:18,005 - __main__ - INFO - ConfigManager initialized
2025-07-11 18:05:18,383 - config_manager - INFO - Created default configuration for development
2025-07-11 18:05:18,383 - config_manager - INFO - Created default configuration for testing
2025-07-11 18:05:18,383 - config_manager - INFO - Created default configuration for production
2025-07-11 18:05:18,383 - config_manager - INFO - ConfigManager initialized
2025-07-11 18:05:18,383 - config_manager - INFO - Configuration saved for environment: test_env
2025-07-11 18:05:18,398 - config_manager - INFO - Backup created: test_env_backup_20250711_180518.json
2025-07-11 18:05:18,431 - config_manager - INFO - Created default configuration for development
2025-07-11 18:05:18,431 - config_manager - INFO - Created default configuration for testing
2025-07-11 18:05:18,433 - config_manager - INFO - Created default configuration for production
2025-07-11 18:05:18,433 - config_manager - INFO - ConfigManager initialized
2025-07-11 18:05:18,434 - config_manager - INFO - Configuration saved for environment: env1
2025-07-11 18:05:18,434 - config_manager - INFO - Configuration saved for environment: env2
2025-07-11 18:05:18,442 - config_manager - INFO - Loaded configuration for environment: env1
2025-07-11 18:05:18,443 - config_manager - INFO - Loaded configuration for environment: env2
2025-07-11 18:05:18,446 - config_manager - INFO - Created default configuration for development
2025-07-11 18:05:18,446 - config_manager - INFO - Created default configuration for testing
2025-07-11 18:05:18,447 - config_manager - INFO - Created default configuration for production
2025-07-11 18:05:18,447 - config_manager - INFO - ConfigManager initialized
2025-07-11 18:05:18,450 - config_manager - INFO - Created default configuration for development
2025-07-11 18:05:18,451 - config_manager - INFO - Created default configuration for testing
2025-07-11 18:05:18,451 - config_manager - INFO - Created default configuration for production
2025-07-11 18:05:18,451 - config_manager - INFO - ConfigManager initialized
2025-07-11 18:05:18,452 - config_manager - INFO - Configuration saved for environment: test_env
2025-07-11 18:05:18,453 - config_manager - INFO - Loaded configuration for environment: test_env
2025-07-11 18:05:18,453 - config_manager - INFO - Loaded configuration for environment: test_env
2025-07-11 18:05:18,454 - config_manager - INFO - Loaded configuration for environment: test_env
2025-07-11 18:05:18,457 - config_manager - INFO - Created default configuration for development
2025-07-11 18:05:18,458 - config_manager - INFO - Created default configuration for testing
2025-07-11 18:05:18,458 - config_manager - INFO - Created default configuration for production
2025-07-11 18:05:18,459 - config_manager - INFO - ConfigManager initialized
2025-07-11 18:05:18,459 - config_manager - INFO - Configuration saved for environment: test_env
2025-07-11 18:05:18,461 - config_manager - INFO - Loaded configuration for environment: test_env
2025-07-11 18:05:18,461 - config_manager - INFO - Loaded configuration for environment: test_env
2025-07-11 18:05:18,461 - config_manager - ERROR - Configuration value not found: non.existent.key
2025-07-11 18:05:18,464 - config_manager - INFO - Created default configuration for development
2025-07-11 18:05:18,465 - config_manager - INFO - Created default configuration for testing
2025-07-11 18:05:18,465 - config_manager - INFO - Created default configuration for production
2025-07-11 18:05:18,466 - config_manager - INFO - ConfigManager initialized
2025-07-11 18:05:18,466 - config_manager - INFO - Configuration saved for environment: dev
2025-07-11 18:05:18,466 - config_manager - INFO - Configuration saved for environment: prod
2025-07-11 18:05:18,470 - config_manager - INFO - Created default configuration for development
2025-07-11 18:05:18,471 - config_manager - INFO - Created default configuration for testing
2025-07-11 18:05:18,471 - config_manager - INFO - Created default configuration for production
2025-07-11 18:05:18,472 - config_manager - INFO - ConfigManager initialized
2025-07-11 18:05:18,473 - config_manager - INFO - Configuration saved for environment: test_env
2025-07-11 18:05:18,473 - config_manager - INFO - Loaded configuration for environment: test_env
2025-07-11 18:05:18,476 - config_manager - INFO - Created default configuration for development
2025-07-11 18:05:18,476 - config_manager - INFO - Created default configuration for testing
2025-07-11 18:05:18,477 - config_manager - INFO - Created default configuration for production
2025-07-11 18:05:18,477 - config_manager - INFO - ConfigManager initialized
2025-07-11 18:05:18,479 - config_manager - INFO - Configuration saved for environment: test_env
2025-07-11 18:05:18,479 - config_manager - INFO - Loaded configuration for environment: test_env
2025-07-11 18:05:18,480 - config_manager - INFO - Backup created: test_env_backup_20250711_180518.json
2025-07-11 18:05:18,482 - config_manager - INFO - Configuration saved for environment: test_env
2025-07-11 18:05:18,490 - config_manager - INFO - Loaded configuration for environment: test_env
2025-07-11 18:12:34,579 - config_manager - INFO - Created default configuration for development
2025-07-11 18:12:34,579 - config_manager - INFO - Created default configuration for testing
2025-07-11 18:12:34,579 - config_manager - INFO - Created default configuration for production
2025-07-11 18:12:34,579 - config_manager - INFO - ConfigManager initialized
2025-07-11 18:12:34,579 - config_manager - INFO - Configuration saved for environment: test_env
2025-07-11 18:12:34,583 - config_manager - INFO - Backup created: test_env_backup_20250711_181234.json
2025-07-11 18:12:34,598 - config_manager - INFO - Created default configuration for development
2025-07-11 18:12:34,598 - config_manager - INFO - Created default configuration for testing
2025-07-11 18:12:34,598 - config_manager - INFO - Created default configuration for production
2025-07-11 18:12:34,598 - config_manager - INFO - ConfigManager initialized
2025-07-11 18:12:34,600 - config_manager - INFO - Configuration saved for environment: env1
2025-07-11 18:12:34,600 - config_manager - INFO - Configuration saved for environment: env2
2025-07-11 18:12:34,601 - config_manager - INFO - Loaded configuration for environment: env1
2025-07-11 18:12:34,602 - config_manager - INFO - Loaded configuration for environment: env2
2025-07-11 18:12:34,605 - config_manager - INFO - Created default configuration for development
2025-07-11 18:12:34,606 - config_manager - INFO - Created default configuration for testing
2025-07-11 18:12:34,607 - config_manager - INFO - Created default configuration for production
2025-07-11 18:12:34,607 - config_manager - INFO - ConfigManager initialized
2025-07-11 18:12:34,609 - config_manager - INFO - Created default configuration for development
2025-07-11 18:12:34,609 - config_manager - INFO - Created default configuration for testing
2025-07-11 18:12:34,609 - config_manager - INFO - Created default configuration for production
2025-07-11 18:12:34,609 - config_manager - INFO - ConfigManager initialized
2025-07-11 18:12:34,609 - config_manager - INFO - Configuration saved for environment: test_env
2025-07-11 18:12:34,612 - config_manager - INFO - Loaded configuration for environment: test_env
2025-07-11 18:12:34,613 - config_manager - INFO - Loaded configuration for environment: test_env
2025-07-11 18:12:34,615 - config_manager - INFO - Loaded configuration for environment: test_env
2025-07-11 18:12:34,617 - config_manager - INFO - Created default configuration for development
2025-07-11 18:12:34,618 - config_manager - INFO - Created default configuration for testing
2025-07-11 18:12:34,619 - config_manager - INFO - Created default configuration for production
2025-07-11 18:12:34,619 - config_manager - INFO - ConfigManager initialized
2025-07-11 18:12:34,619 - config_manager - INFO - Configuration saved for environment: test_env
2025-07-11 18:12:34,620 - config_manager - INFO - Loaded configuration for environment: test_env
2025-07-11 18:12:34,621 - config_manager - INFO - Loaded configuration for environment: test_env
2025-07-11 18:12:34,621 - config_manager - ERROR - Configuration value not found: non.existent.key
2025-07-11 18:12:34,624 - config_manager - INFO - Created default configuration for development
2025-07-11 18:12:34,624 - config_manager - INFO - Created default configuration for testing
2025-07-11 18:12:34,625 - config_manager - INFO - Created default configuration for production
2025-07-11 18:12:34,625 - config_manager - INFO - ConfigManager initialized
2025-07-11 18:12:34,626 - config_manager - INFO - Configuration saved for environment: dev
2025-07-11 18:12:34,627 - config_manager - INFO - Configuration saved for environment: prod
2025-07-11 18:12:34,629 - config_manager - INFO - Created default configuration for development
2025-07-11 18:12:34,630 - config_manager - INFO - Created default configuration for testing
2025-07-11 18:12:34,631 - config_manager - INFO - Created default configuration for production
2025-07-11 18:12:34,631 - config_manager - INFO - ConfigManager initialized
2025-07-11 18:12:34,631 - config_manager - INFO - Configuration saved for environment: test_env
2025-07-11 18:12:34,632 - config_manager - INFO - Loaded configuration for environment: test_env
2025-07-11 18:12:34,634 - config_manager - INFO - Created default configuration for development
2025-07-11 18:12:34,635 - config_manager - INFO - Created default configuration for testing
2025-07-11 18:12:34,636 - config_manager - INFO - Created default configuration for production
2025-07-11 18:12:34,636 - config_manager - INFO - ConfigManager initialized
2025-07-11 18:12:34,637 - config_manager - INFO - Configuration saved for environment: test_env
2025-07-11 18:12:34,637 - config_manager - INFO - Loaded configuration for environment: test_env
2025-07-11 18:12:34,638 - config_manager - INFO - Backup created: test_env_backup_20250711_181234.json
2025-07-11 18:12:34,639 - config_manager - INFO - Configuration saved for environment: test_env
2025-07-11 18:12:34,639 - config_manager - INFO - Loaded configuration for environment: test_env
2025-07-11 18:17:48,372 - config_manager - INFO - Created default configuration for development
2025-07-11 18:17:48,372 - config_manager - INFO - Created default configuration for testing
2025-07-11 18:17:48,372 - config_manager - INFO - Created default configuration for production
2025-07-11 18:17:48,372 - config_manager - INFO - ConfigManager initialized
2025-07-11 18:17:48,372 - config_manager - INFO - Configuration saved for environment: test_env
2025-07-11 18:17:48,379 - config_manager - INFO - Backup created: test_env_backup_20250711_181748.json
2025-07-11 18:17:48,384 - config_manager - INFO - Created default configuration for development
2025-07-11 18:17:48,388 - config_manager - INFO - Created default configuration for testing
2025-07-11 18:17:48,388 - config_manager - INFO - Created default configuration for production
2025-07-11 18:17:48,388 - config_manager - INFO - ConfigManager initialized
2025-07-11 18:17:48,388 - config_manager - INFO - Configuration saved for environment: env1
2025-07-11 18:17:48,388 - config_manager - INFO - Configuration saved for environment: env2
2025-07-11 18:17:48,388 - config_manager - INFO - Loaded configuration for environment: env1
2025-07-11 18:17:48,391 - config_manager - INFO - Loaded configuration for environment: env2
2025-07-11 18:17:48,394 - config_manager - INFO - Created default configuration for development
2025-07-11 18:17:48,395 - config_manager - INFO - Created default configuration for testing
2025-07-11 18:17:48,395 - config_manager - INFO - Created default configuration for production
2025-07-11 18:17:48,395 - config_manager - INFO - ConfigManager initialized
2025-07-11 18:17:48,400 - config_manager - INFO - Created default configuration for development
2025-07-11 18:17:48,401 - config_manager - INFO - Created default configuration for testing
2025-07-11 18:17:48,401 - config_manager - INFO - Created default configuration for production
2025-07-11 18:17:48,401 - config_manager - INFO - ConfigManager initialized
2025-07-11 18:17:48,405 - config_manager - INFO - Configuration saved for environment: test_env
2025-07-11 18:17:48,407 - config_manager - INFO - Loaded configuration for environment: test_env
2025-07-11 18:17:48,408 - config_manager - INFO - Loaded configuration for environment: test_env
2025-07-11 18:17:48,410 - config_manager - INFO - Loaded configuration for environment: test_env
2025-07-11 18:17:48,414 - config_manager - INFO - Created default configuration for development
2025-07-11 18:17:48,415 - config_manager - INFO - Created default configuration for testing
2025-07-11 18:17:48,416 - config_manager - INFO - Created default configuration for production
2025-07-11 18:17:48,416 - config_manager - INFO - ConfigManager initialized
2025-07-11 18:17:48,417 - config_manager - INFO - Configuration saved for environment: test_env
2025-07-11 18:17:48,418 - config_manager - INFO - Loaded configuration for environment: test_env
2025-07-11 18:17:48,419 - config_manager - INFO - Loaded configuration for environment: test_env
2025-07-11 18:17:48,419 - config_manager - ERROR - Configuration value not found: non.existent.key
2025-07-11 18:17:48,422 - config_manager - INFO - Created default configuration for development
2025-07-11 18:17:48,425 - config_manager - INFO - Created default configuration for testing
2025-07-11 18:17:48,425 - config_manager - INFO - Created default configuration for production
2025-07-11 18:17:48,425 - config_manager - INFO - ConfigManager initialized
2025-07-11 18:17:48,427 - config_manager - INFO - Configuration saved for environment: dev
2025-07-11 18:17:48,428 - config_manager - INFO - Configuration saved for environment: prod
2025-07-11 18:17:48,432 - config_manager - INFO - Created default configuration for development
2025-07-11 18:17:48,433 - config_manager - INFO - Created default configuration for testing
2025-07-11 18:17:48,433 - config_manager - INFO - Created default configuration for production
2025-07-11 18:17:48,434 - config_manager - INFO - ConfigManager initialized
2025-07-11 18:17:48,434 - config_manager - INFO - Configuration saved for environment: test_env
2025-07-11 18:17:48,436 - config_manager - INFO - Loaded configuration for environment: test_env
2025-07-11 18:17:48,440 - config_manager - INFO - Created default configuration for development
2025-07-11 18:17:48,441 - config_manager - INFO - Created default configuration for testing
2025-07-11 18:17:48,441 - config_manager - INFO - Created default configuration for production
2025-07-11 18:17:48,441 - config_manager - INFO - ConfigManager initialized
2025-07-11 18:17:48,442 - config_manager - INFO - Configuration saved for environment: test_env
2025-07-11 18:17:48,443 - config_manager - INFO - Loaded configuration for environment: test_env
2025-07-11 18:17:48,444 - config_manager - INFO - Backup created: test_env_backup_20250711_181748.json
2025-07-11 18:17:48,444 - config_manager - INFO - Configuration saved for environment: test_env
2025-07-11 18:17:48,445 - config_manager - INFO - Loaded configuration for environment: test_env
2025-07-11 18:18:46,880 - __main__ - INFO - ConfigManager initialized
2025-07-11 18:18:46,895 - __main__ - INFO - Loaded configuration for environment: testing
2025-07-11 18:20:08,046 - __main__ - INFO - ConfigManager initialized
2025-07-11 18:20:08,061 - __main__ - INFO - Loaded configuration for environment: testing
